<?xml version="1.0" encoding="UTF-8"?>
<!-- Generated by org.testng.reporters.JUnitReportReporter -->
<testsuite skipped="0" hostname="DESKTOP-JT3JUAH" name="test_class.Test_CLass_For_Login" tests="1" failures="0" timestamp="2023-01-03T13:28:15 IST" time="17.036" errors="0">
  <testcase name="add_coustermer" time="17.036" classname="test_class.Test_CLass_For_Login"/>
  <system-out/>
</testsuite> <!-- test_class.Test_CLass_For_Login -->
